[01-Sep-2022 17:36:43] NOTICE: fpm is running, pid 20895
[01-Sep-2022 17:36:43] NOTICE: ready to handle connections
[04-Oct-2022 16:58:19] NOTICE: Terminating ...
[04-Oct-2022 16:58:19] NOTICE: exiting, bye-bye!
[04-Oct-2022 17:11:21] NOTICE: fpm is running, pid 10851
[04-Oct-2022 17:11:21] NOTICE: ready to handle connections
[05-Oct-2022 14:06:11] NOTICE: Terminating ...
[05-Oct-2022 14:06:11] NOTICE: Terminating ...
[05-Oct-2022 14:06:12] NOTICE: exiting, bye-bye!
[06-Oct-2022 17:08:32] NOTICE: fpm is running, pid 25061
[06-Oct-2022 17:08:32] NOTICE: ready to handle connections
[09-Oct-2022 19:38:30] NOTICE: Terminating ...
[09-Oct-2022 19:38:30] NOTICE: Terminating ...
[09-Oct-2022 19:38:30] NOTICE: exiting, bye-bye!
[11-Oct-2022 17:16:14] NOTICE: fpm is running, pid 36712
[11-Oct-2022 17:16:14] NOTICE: ready to handle connections
[13-Oct-2022 17:25:07] NOTICE: fpm is running, pid 11994
[13-Oct-2022 17:25:07] NOTICE: ready to handle connections
[14-Oct-2022 22:36:22] NOTICE: Terminating ...
[14-Oct-2022 22:36:22] NOTICE: Terminating ...
[14-Oct-2022 22:36:22] NOTICE: exiting, bye-bye!
[18-Oct-2022 17:09:45] NOTICE: fpm is running, pid 26258
[18-Oct-2022 17:09:45] NOTICE: ready to handle connections
[18-Oct-2022 21:35:01] NOTICE: Terminating ...
[18-Oct-2022 21:35:01] NOTICE: Terminating ...
[18-Oct-2022 21:35:01] NOTICE: exiting, bye-bye!
[20-Oct-2022 17:13:37] NOTICE: fpm is running, pid 36485
[20-Oct-2022 17:13:37] NOTICE: ready to handle connections
[20-Oct-2022 23:02:21] NOTICE: Terminating ...
[20-Oct-2022 23:02:21] NOTICE: Terminating ...
[20-Oct-2022 23:02:21] NOTICE: exiting, bye-bye!
[25-Oct-2022 17:06:50] NOTICE: fpm is running, pid 46728
[25-Oct-2022 17:06:50] NOTICE: ready to handle connections
[26-Oct-2022 15:49:25] NOTICE: Terminating ...
[26-Oct-2022 15:49:25] NOTICE: Terminating ...
[26-Oct-2022 15:49:25] NOTICE: exiting, bye-bye!
[27-Oct-2022 17:03:24] NOTICE: fpm is running, pid 55343
[27-Oct-2022 17:03:24] NOTICE: ready to handle connections
[27-Oct-2022 18:25:35] NOTICE: Terminating ...
[27-Oct-2022 18:25:35] NOTICE: Terminating ...
[27-Oct-2022 18:25:35] NOTICE: exiting, bye-bye!
[31-Oct-2022 17:47:02] NOTICE: fpm is running, pid 63700
[31-Oct-2022 17:47:02] NOTICE: ready to handle connections
[31-Oct-2022 22:11:29] NOTICE: Terminating ...
[31-Oct-2022 22:11:29] NOTICE: Terminating ...
[31-Oct-2022 22:11:29] NOTICE: exiting, bye-bye!
[01-Nov-2022 17:04:31] NOTICE: fpm is running, pid 67111
[01-Nov-2022 17:04:31] NOTICE: ready to handle connections
[03-Nov-2022 09:39:57] NOTICE: Terminating ...
[03-Nov-2022 09:39:57] NOTICE: Terminating ...
[03-Nov-2022 09:39:57] NOTICE: exiting, bye-bye!
[03-Nov-2022 16:58:14] NOTICE: fpm is running, pid 74273
[03-Nov-2022 16:58:14] NOTICE: ready to handle connections
[03-Nov-2022 18:22:21] NOTICE: Terminating ...
[03-Nov-2022 18:22:21] NOTICE: Terminating ...
[03-Nov-2022 18:22:21] NOTICE: exiting, bye-bye!
[08-Nov-2022 17:01:44] NOTICE: fpm is running, pid 82561
[08-Nov-2022 17:01:44] NOTICE: ready to handle connections
[09-Nov-2022 13:34:19] NOTICE: Terminating ...
[09-Nov-2022 13:34:19] NOTICE: Terminating ...
[09-Nov-2022 13:34:19] NOTICE: exiting, bye-bye!
[15-Nov-2022 16:16:04] NOTICE: fpm is running, pid 2742
[15-Nov-2022 16:16:04] NOTICE: ready to handle connections
[15-Nov-2022 18:23:59] NOTICE: Terminating ...
[15-Nov-2022 18:23:59] NOTICE: Terminating ...
[15-Nov-2022 18:23:59] NOTICE: exiting, bye-bye!
